<<<<<<< HEAD
[0430/154011.203:ERROR:registration_protocol_win.cc(108)] CreateFile: The system cannot find the file specified. (0x2)
[0501/011531.921:ERROR:registration_protocol_win.cc(108)] CreateFile: The system cannot find the file specified. (0x2)
[0501/012259.851:ERROR:registration_protocol_win.cc(108)] CreateFile: The system cannot find the file specified. (0x2)
=======
[0501/011400.585:ERROR:registration_protocol_win.cc(108)] CreateFile: The system cannot find the file specified. (0x2)
>>>>>>> arezoo-create-category-3
[0501/012937.522:ERROR:registration_protocol_win.cc(108)] CreateFile: The system cannot find the file specified. (0x2)
[0501/012939.094:ERROR:registration_protocol_win.cc(108)] CreateFile: The system cannot find the file specified. (0x2)
[0501/012944.086:ERROR:registration_protocol_win.cc(108)] CreateFile: The system cannot find the file specified. (0x2)
[0501/012945.736:ERROR:registration_protocol_win.cc(108)] CreateFile: The system cannot find the file specified. (0x2)
[0501/012946.052:ERROR:registration_protocol_win.cc(108)] CreateFile: The system cannot find the file specified. (0x2)
[0501/012946.146:ERROR:registration_protocol_win.cc(108)] CreateFile: The system cannot find the file specified. (0x2)
[0501/012947.083:ERROR:registration_protocol_win.cc(108)] CreateFile: The system cannot find the file specified. (0x2)
[0501/105103.948:ERROR:registration_protocol_win.cc(108)] CreateFile: The system cannot find the file specified. (0x2)
[0501/105104.212:ERROR:registration_protocol_win.cc(108)] CreateFile: The system cannot find the file specified. (0x2)
[0501/105105.700:ERROR:registration_protocol_win.cc(108)] CreateFile: The system cannot find the file specified. (0x2)
[0501/105106.703:ERROR:registration_protocol_win.cc(108)] CreateFile: The system cannot find the file specified. (0x2)
[0501/105108.956:ERROR:registration_protocol_win.cc(108)] CreateFile: The system cannot find the file specified. (0x2)
[0501/105110.759:ERROR:registration_protocol_win.cc(108)] CreateFile: The system cannot find the file specified. (0x2)
[0501/105111.801:ERROR:registration_protocol_win.cc(108)] CreateFile: The system cannot find the file specified. (0x2)
[0501/105112.386:ERROR:registration_protocol_win.cc(108)] CreateFile: The system cannot find the file specified. (0x2)
[0501/105140.594:ERROR:crashpad_client_win.cc(188)] crash server did not respond, self-terminating
[0501/105140.672:ERROR:crashpad_client_win.cc(188)] crash server did not respond, self-terminating
[0501/105140.782:ERROR:crashpad_client_win.cc(188)] crash server did not respond, self-terminating
